[Sun Dec 31 2017 21:38:26 GMT+0800 (Malay Peninsula Standard Time)] DEBUG Object: mykey10,2234, 1514727506558
[Sun Dec 31 2017 21:38:27 GMT+0800 (Malay Peninsula Standard Time)] DEBUG Object INSERT1 id: 1c1e1a92-f5ec-4e64-aac8-242b565b2197
[Sun Dec 31 2017 21:38:28 GMT+0800 (Malay Peninsula Standard Time)] DEBUG Object INSERT2 id: 1c1e1a92-f5ec-4e64-aac8-242b565b2197
[Sun Dec 31 2017 21:38:28 GMT+0800 (Malay Peninsula Standard Time)] DEBUG Object INSERT KEYVALUE: 77080d4a-7abf-4dd1-98f8-a0b44d953a26,2234,1514727506561,1c1e1a92-f5ec-4e64-aac8-242b565b2197
[Sun Dec 31 2017 21:38:29 GMT+0800 (Malay Peninsula Standard Time)] DEBUG Object POST: 1c1e1a92-f5ec-4e64-aac8-242b565b2197,undefined
[Sun Dec 31 2017 21:38:36 GMT+0800 (Malay Peninsula Standard Time)] DEBUG Object: mykey10,2234, 1514727516433
[Sun Dec 31 2017 21:38:36 GMT+0800 (Malay Peninsula Standard Time)] DEBUG Object POST: 1c1e1a92-f5ec-4e64-aac8-242b565b2197
[Sun Dec 31 2017 21:38:36 GMT+0800 (Malay Peninsula Standard Time)] DEBUG Object INSERT KEYVALUE: df15facb-0100-4556-ae8d-85ec90c4bb20,2234,1514727516434,1c1e1a92-f5ec-4e64-aac8-242b565b2197
[Sun Dec 31 2017 21:38:37 GMT+0800 (Malay Peninsula Standard Time)] DEBUG Object POST: 1c1e1a92-f5ec-4e64-aac8-242b565b2197,undefined
[Sun Dec 31 2017 21:38:42 GMT+0800 (Malay Peninsula Standard Time)] DEBUG Object: mykey11,2234, 1514727522593
[Sun Dec 31 2017 21:38:43 GMT+0800 (Malay Peninsula Standard Time)] DEBUG Object INSERT1 id: 36d5806c-491f-4c61-be4e-226f2aa90e29
[Sun Dec 31 2017 21:38:43 GMT+0800 (Malay Peninsula Standard Time)] DEBUG Object INSERT2 id: 36d5806c-491f-4c61-be4e-226f2aa90e29
[Sun Dec 31 2017 21:38:43 GMT+0800 (Malay Peninsula Standard Time)] DEBUG Object INSERT KEYVALUE: 45fef04d-2e60-4e65-aa4b-dd9b806c9dbe,2234,1514727522593,36d5806c-491f-4c61-be4e-226f2aa90e29
[Sun Dec 31 2017 21:38:44 GMT+0800 (Malay Peninsula Standard Time)] DEBUG Object POST: 36d5806c-491f-4c61-be4e-226f2aa90e29,undefined
[Sun Dec 31 2017 21:38:56 GMT+0800 (Malay Peninsula Standard Time)] DEBUG Object: undefined
[Sun Dec 31 2017 21:39:01 GMT+0800 (Malay Peninsula Standard Time)] DEBUG Object: undefined
[Sun Dec 31 2017 21:40:05 GMT+0800 (Malay Peninsula Standard Time)] DEBUG Object: mykey11,2234, 1514727605279
[Sun Dec 31 2017 21:40:05 GMT+0800 (Malay Peninsula Standard Time)] DEBUG Object INSERT1 id: 0dcf7664-bb0e-4778-ba2d-a122cb556f19
[Sun Dec 31 2017 21:40:06 GMT+0800 (Malay Peninsula Standard Time)] DEBUG Object INSERT2 id: 0dcf7664-bb0e-4778-ba2d-a122cb556f19
[Sun Dec 31 2017 21:40:06 GMT+0800 (Malay Peninsula Standard Time)] DEBUG Object INSERT KEYVALUE: f724fee9-dc68-4140-b966-243dce5a8476,2234,1514727605279,0dcf7664-bb0e-4778-ba2d-a122cb556f19
[Sun Dec 31 2017 21:40:07 GMT+0800 (Malay Peninsula Standard Time)] DEBUG Object POST: 0dcf7664-bb0e-4778-ba2d-a122cb556f19,undefined
[Sun Dec 31 2017 21:40:09 GMT+0800 (Malay Peninsula Standard Time)] DEBUG Object: undefined
[Sun Dec 31 2017 21:40:13 GMT+0800 (Malay Peninsula Standard Time)] DEBUG Object: undefined
[Sun Dec 31 2017 21:40:18 GMT+0800 (Malay Peninsula Standard Time)] DEBUG Object: mykey11,2234, 1514727618318
[Sun Dec 31 2017 21:40:18 GMT+0800 (Malay Peninsula Standard Time)] DEBUG Object POST: 0dcf7664-bb0e-4778-ba2d-a122cb556f19
[Sun Dec 31 2017 21:40:18 GMT+0800 (Malay Peninsula Standard Time)] DEBUG Object INSERT KEYVALUE: 71c513b5-dab3-4e19-a483-7d1d92b70bcb,2234,1514727618318,0dcf7664-bb0e-4778-ba2d-a122cb556f19
[Sun Dec 31 2017 21:40:19 GMT+0800 (Malay Peninsula Standard Time)] DEBUG Object POST: 0dcf7664-bb0e-4778-ba2d-a122cb556f19,undefined
[Sun Dec 31 2017 21:40:21 GMT+0800 (Malay Peninsula Standard Time)] DEBUG Object: undefined
[Sun Dec 31 2017 21:40:39 GMT+0800 (Malay Peninsula Standard Time)] DEBUG Object: 1514727618318
[Sun Dec 31 2017 21:40:42 GMT+0800 (Malay Peninsula Standard Time)] DEBUG Object: 1514727618317
[Sun Dec 31 2017 21:40:48 GMT+0800 (Malay Peninsula Standard Time)] DEBUG Object: mykey1,2234, 1514727648726
[Sun Dec 31 2017 21:40:49 GMT+0800 (Malay Peninsula Standard Time)] DEBUG Object INSERT1 id: 6af4de4a-1654-491f-9294-24e96c1e4140
[Sun Dec 31 2017 21:40:49 GMT+0800 (Malay Peninsula Standard Time)] DEBUG Object INSERT2 id: 6af4de4a-1654-491f-9294-24e96c1e4140
[Sun Dec 31 2017 21:40:49 GMT+0800 (Malay Peninsula Standard Time)] DEBUG Object INSERT KEYVALUE: bac5f0ed-95b0-42a2-9e28-bb2cea1d1fbd,2234,1514727648726,6af4de4a-1654-491f-9294-24e96c1e4140
[Sun Dec 31 2017 21:40:50 GMT+0800 (Malay Peninsula Standard Time)] DEBUG Object POST: 6af4de4a-1654-491f-9294-24e96c1e4140,undefined
[Sun Dec 31 2017 21:40:57 GMT+0800 (Malay Peninsula Standard Time)] DEBUG Object: 1514727618317
[Sun Dec 31 2017 21:41:00 GMT+0800 (Malay Peninsula Standard Time)] DEBUG Object: 
[Sun Dec 31 2017 21:41:05 GMT+0800 (Malay Peninsula Standard Time)] DEBUG Object: undefined
